<?xml version="1.0" encoding="UTF-8"?>
<!-- Generated by org.testng.reporters.JUnitXMLReporter -->
<testsuite hostname="KMATH-LAP" ignored="0" name="Test" tests="4" failures="0" timestamp="31 Dec 2018 14:00:21 GMT" time="54.876" errors="0">
  <testcase name="f" time="0.007" classname="qagrpId.NewTest1"/>
  <testcase name="f" time="0.002" classname="qagrpId.NewTest1"/>
  <testcase name="search" time="25.603" classname="qagrpId.NewTest1"/>
  <testcase name="f" time="18.898" classname="qagrpId.NewTest2"/>
</testsuite> <!-- Test -->
