<?xml version="1.0" encoding="UTF-8"?>
<!-- Generated by org.testng.reporters.JUnitXMLReporter -->
<testsuite hostname="KMATH-LAP" ignored="0" name="Test" tests="4" failures="0" timestamp="01 Jan 2019 18:30:43 GMT" time="25.698" errors="0">
  <testcase name="f" time="0.001" classname="qagrpId.NewTest1"/>
  <testcase name="f" time="0.003" classname="qagrpId.NewTest1"/>
  <testcase name="search" time="9.527" classname="qagrpId.NewTest1"/>
  <testcase name="f" time="4.755" classname="qagrpId.NewTest2"/>
</testsuite> <!-- Test -->
