<?xml version="1.0" encoding="UTF-8"?>
<testng-results skipped="0" failed="0" ignored="0" total="4" passed="4">
  <reporter-output>
  </reporter-output>
  <suite name="Suite" duration-ms="25698" started-at="2019-01-01T18:30:18Z" finished-at="2019-01-01T18:30:43Z">
    <groups>
    </groups>
    <test name="Test" duration-ms="25698" started-at="2019-01-01T18:30:18Z" finished-at="2019-01-01T18:30:43Z">
      <class name="qagrpId.NewTest2">
        <test-method status="PASS" signature="f()[pri:0, instance:qagrpId.NewTest2@26ba2a48]" name="f" duration-ms="4755" started-at="2019-01-01T18:30:37Z" finished-at="2019-01-01T18:30:42Z">
          <reporter-output>
          </reporter-output>
        </test-method> <!-- f -->
        <test-method status="PASS" signature="closenquit()[pri:0, instance:qagrpId.NewTest2@26ba2a48]" name="closenquit" is-config="true" duration-ms="1608" started-at="2019-01-01T18:30:42Z" finished-at="2019-01-01T18:30:43Z">
          <reporter-output>
          </reporter-output>
        </test-method> <!-- closenquit -->
      </class> <!-- qagrpId.NewTest2 -->
      <class name="qagrpId.NewTest1">
        <test-method status="PASS" signature="beforeTest()[pri:0, instance:qagrpId.NewTest1@42d3bd8b]" name="beforeTest" is-config="true" duration-ms="5913" started-at="2019-01-01T18:30:18Z" finished-at="2019-01-01T18:30:24Z">
          <reporter-output>
          </reporter-output>
        </test-method> <!-- beforeTest -->
        <test-method status="PASS" signature="beforeTest()[pri:0, instance:qagrpId.NewTest2@26ba2a48]" name="beforeTest" is-config="true" duration-ms="3830" started-at="2019-01-01T18:30:24Z" finished-at="2019-01-01T18:30:27Z">
          <reporter-output>
          </reporter-output>
        </test-method> <!-- beforeTest -->
        <test-method status="PASS" signature="f(java.lang.Integer, java.lang.String)[pri:0, instance:qagrpId.NewTest1@42d3bd8b]" name="f" duration-ms="1" started-at="2019-01-01T18:30:28Z" data-provider="dp" finished-at="2019-01-01T18:30:28Z">
          <params>
            <param index="0">
              <value>
                <![CDATA[1]]>
              </value>
            </param>
            <param index="1">
              <value>
                <![CDATA[a]]>
              </value>
            </param>
          </params>
          <reporter-output>
          </reporter-output>
        </test-method> <!-- f -->
        <test-method status="PASS" signature="f(java.lang.Integer, java.lang.String)[pri:0, instance:qagrpId.NewTest1@42d3bd8b]" name="f" duration-ms="3" started-at="2019-01-01T18:30:28Z" data-provider="dp" finished-at="2019-01-01T18:30:28Z">
          <params>
            <param index="0">
              <value>
                <![CDATA[2]]>
              </value>
            </param>
            <param index="1">
              <value>
                <![CDATA[b]]>
              </value>
            </param>
          </params>
          <reporter-output>
          </reporter-output>
        </test-method> <!-- f -->
        <test-method status="PASS" signature="search()[pri:0, instance:qagrpId.NewTest1@42d3bd8b]" name="search" duration-ms="9527" started-at="2019-01-01T18:30:28Z" finished-at="2019-01-01T18:30:37Z">
          <reporter-output>
          </reporter-output>
        </test-method> <!-- search -->
      </class> <!-- qagrpId.NewTest1 -->
    </test> <!-- Test -->
  </suite> <!-- Suite -->
</testng-results>
