<?xml version="1.0" encoding="UTF-8"?>
<testng-results skipped="0" failed="0" ignored="0" total="4" passed="4">
  <reporter-output>
  </reporter-output>
  <suite name="Suite" duration-ms="54876" started-at="2018-12-31T13:59:26Z" finished-at="2018-12-31T14:00:21Z">
    <groups>
    </groups>
    <test name="Test" duration-ms="54876" started-at="2018-12-31T13:59:26Z" finished-at="2018-12-31T14:00:21Z">
      <class name="qagrpId.NewTest2">
        <test-method status="PASS" signature="f()[pri:0, instance:qagrpId.NewTest2@7dc7cbad]" name="f" duration-ms="18898" started-at="2018-12-31T14:00:01Z" finished-at="2018-12-31T14:00:20Z">
          <reporter-output>
          </reporter-output>
        </test-method> <!-- f -->
        <test-method status="PASS" signature="closenquit()[pri:0, instance:qagrpId.NewTest2@7dc7cbad]" name="closenquit" is-config="true" duration-ms="1235" started-at="2018-12-31T14:00:20Z" finished-at="2018-12-31T14:00:21Z">
          <reporter-output>
          </reporter-output>
        </test-method> <!-- closenquit -->
      </class> <!-- qagrpId.NewTest2 -->
      <class name="qagrpId.NewTest1">
        <test-method status="PASS" signature="beforeTest()[pri:0, instance:qagrpId.NewTest1@5419f379]" name="beforeTest" is-config="true" duration-ms="5035" started-at="2018-12-31T13:59:26Z" finished-at="2018-12-31T13:59:31Z">
          <reporter-output>
          </reporter-output>
        </test-method> <!-- beforeTest -->
        <test-method status="PASS" signature="beforeTest()[pri:0, instance:qagrpId.NewTest2@7dc7cbad]" name="beforeTest" is-config="true" duration-ms="4031" started-at="2018-12-31T13:59:31Z" finished-at="2018-12-31T13:59:35Z">
          <reporter-output>
          </reporter-output>
        </test-method> <!-- beforeTest -->
        <test-method status="PASS" signature="f(java.lang.Integer, java.lang.String)[pri:0, instance:qagrpId.NewTest1@5419f379]" name="f" duration-ms="7" started-at="2018-12-31T13:59:35Z" data-provider="dp" finished-at="2018-12-31T13:59:35Z">
          <params>
            <param index="0">
              <value>
                <![CDATA[1]]>
              </value>
            </param>
            <param index="1">
              <value>
                <![CDATA[a]]>
              </value>
            </param>
          </params>
          <reporter-output>
          </reporter-output>
        </test-method> <!-- f -->
        <test-method status="PASS" signature="f(java.lang.Integer, java.lang.String)[pri:0, instance:qagrpId.NewTest1@5419f379]" name="f" duration-ms="2" started-at="2018-12-31T13:59:35Z" data-provider="dp" finished-at="2018-12-31T13:59:35Z">
          <params>
            <param index="0">
              <value>
                <![CDATA[2]]>
              </value>
            </param>
            <param index="1">
              <value>
                <![CDATA[b]]>
              </value>
            </param>
          </params>
          <reporter-output>
          </reporter-output>
        </test-method> <!-- f -->
        <test-method status="PASS" signature="search()[pri:0, instance:qagrpId.NewTest1@5419f379]" name="search" duration-ms="25603" started-at="2018-12-31T13:59:35Z" finished-at="2018-12-31T14:00:01Z">
          <reporter-output>
          </reporter-output>
        </test-method> <!-- search -->
      </class> <!-- qagrpId.NewTest1 -->
    </test> <!-- Test -->
  </suite> <!-- Suite -->
</testng-results>
